D:\PROJETO\CPP\ALLEGRO\THE3RDTRIAL\THE3RDTRIAL\DEBUG\BOUNDINGBOX.OBJ
D:\PROJETO\CPP\ALLEGRO\THE3RDTRIAL\THE3RDTRIAL\DEBUG\CAMERA.OBJ
D:\PROJETO\CPP\ALLEGRO\THE3RDTRIAL\THE3RDTRIAL\DEBUG\CHARACTER.OBJ
D:\PROJETO\CPP\ALLEGRO\THE3RDTRIAL\THE3RDTRIAL\DEBUG\GAME.OBJ
D:\PROJETO\CPP\ALLEGRO\THE3RDTRIAL\THE3RDTRIAL\DEBUG\GAMEOBJECT.OBJ
D:\PROJETO\CPP\ALLEGRO\THE3RDTRIAL\THE3RDTRIAL\DEBUG\GAMESTATE.OBJ
D:\PROJETO\CPP\ALLEGRO\THE3RDTRIAL\THE3RDTRIAL\DEBUG\MAIN.OBJ
D:\PROJETO\CPP\ALLEGRO\THE3RDTRIAL\THE3RDTRIAL\DEBUG\PHYSICSCOMPONENT.OBJ
D:\PROJETO\CPP\ALLEGRO\THE3RDTRIAL\THE3RDTRIAL\DEBUG\PLAYER.OBJ
D:\PROJETO\CPP\ALLEGRO\THE3RDTRIAL\THE3RDTRIAL\DEBUG\WORLD.OBJ
D:\PROJETO\CPP\ALLEGRO\THE3RDTRIAL\THE3RDTRIAL\DEBUG\VC110.PDB
D:\PROJETO\CPP\ALLEGRO\THE3RDTRIAL\DEBUG\THE3RDTRIAL.ILK
D:\PROJETO\CPP\ALLEGRO\THE3RDTRIAL\DEBUG\THE3RDTRIAL.EXE
D:\PROJETO\CPP\ALLEGRO\THE3RDTRIAL\DEBUG\THE3RDTRIAL.PDB
D:\PROJETO\CPP\ALLEGRO\The3rdTrial\The3rdTrial\Debug\BoundingBox.obj
D:\PROJETO\CPP\ALLEGRO\The3rdTrial\The3rdTrial\Debug\Camera.obj
D:\PROJETO\CPP\ALLEGRO\The3rdTrial\The3rdTrial\Debug\Character.obj
D:\PROJETO\CPP\ALLEGRO\The3rdTrial\The3rdTrial\Debug\Game.obj
D:\PROJETO\CPP\ALLEGRO\The3rdTrial\The3rdTrial\Debug\GameObject.obj
D:\PROJETO\CPP\ALLEGRO\The3rdTrial\The3rdTrial\Debug\GameState.obj
D:\PROJETO\CPP\ALLEGRO\The3rdTrial\The3rdTrial\Debug\Main.obj
D:\PROJETO\CPP\ALLEGRO\The3rdTrial\The3rdTrial\Debug\PhysicsComponent.obj
D:\PROJETO\CPP\ALLEGRO\The3rdTrial\The3rdTrial\Debug\Player.obj
D:\PROJETO\CPP\ALLEGRO\The3rdTrial\The3rdTrial\Debug\World.obj
D:\PROJETO\CPP\ALLEGRO\The3rdTrial\The3rdTrial\Debug\cl.command.1.tlog
D:\PROJETO\CPP\ALLEGRO\The3rdTrial\The3rdTrial\Debug\CL.read.1.tlog
D:\PROJETO\CPP\ALLEGRO\The3rdTrial\The3rdTrial\Debug\CL.write.1.tlog
D:\PROJETO\CPP\ALLEGRO\The3rdTrial\The3rdTrial\Debug\link-cvtres.read.1.tlog
D:\PROJETO\CPP\ALLEGRO\The3rdTrial\The3rdTrial\Debug\link-cvtres.write.1.tlog
D:\PROJETO\CPP\ALLEGRO\The3rdTrial\The3rdTrial\Debug\link-rc.read.1.tlog
D:\PROJETO\CPP\ALLEGRO\The3rdTrial\The3rdTrial\Debug\link-rc.write.1.tlog
D:\PROJETO\CPP\ALLEGRO\The3rdTrial\The3rdTrial\Debug\link.command.1.tlog
D:\PROJETO\CPP\ALLEGRO\The3rdTrial\The3rdTrial\Debug\link.read.1.tlog
D:\PROJETO\CPP\ALLEGRO\The3rdTrial\The3rdTrial\Debug\link.write.1.tlog
D:\PROJETO\CPP\ALLEGRO\The3rdTrial\The3rdTrial\Debug\vc110.idb
D:\PROJETO\CPP\ALLEGRO\The3rdTrial\The3rdTrial\Debug\vc110.pdb
D:\PROJETO\CPP\ALLEGRO\The3rdTrial\Debug\The3rdTrial.pdb
D:\PROJETO\CPP\ALLEGRO\The3rdTrial\Debug\The3rdTrial.exe
D:\PROJETO\CPP\ALLEGRO\The3rdTrial\Debug\The3rdTrial.ilk
