Build started 11/9/2014 1:39:59 PM.
     1>Project "D:\PROJETO\CPP\ALLEGRO\The3rdTrial\The3rdTrial\The3rdTrial.vcxproj" on node 2 (Build target(s)).
     1>ClCompile:
         C:\Program Files (x86)\Microsoft Visual Studio 11.0\VC\bin\CL.exe /c /ZI /nologo /W3 /WX- /Od /Oy- /D _MBCS /Gm /EHsc /RTC1 /MDd /GS /fp:precise /Zc:wchar_t /Zc:forScope /Fo"Debug\\" /Fd"Debug\vc110.pdb" /Gd /TP /analyze- /errorReport:prompt Player.cpp
         Player.cpp
     1>d:\projeto\cpp\allegro\the3rdtrial\the3rdtrial\player.cpp(316): warning C4018: '>' : signed/unsigned mismatch
     1>d:\projeto\cpp\allegro\the3rdtrial\the3rdtrial\player.cpp(322): warning C4018: '<' : signed/unsigned mismatch
       Link:
         C:\Program Files (x86)\Microsoft Visual Studio 11.0\VC\bin\link.exe /ERRORREPORT:PROMPT /OUT:"D:\PROJETO\CPP\ALLEGRO\The3rdTrial\Debug\The3rdTrial.exe" /INCREMENTAL /NOLOGO "allegro-5.0.10-monolith-md-debug.lib" kernel32.lib user32.lib gdi32.lib winspool.lib comdlg32.lib advapi32.lib shell32.lib ole32.lib oleaut32.lib uuid.lib odbc32.lib odbccp32.lib /MANIFEST /MANIFESTUAC:"level='asInvoker' uiAccess='false'" /manifest:embed /DEBUG /PDB:"D:\PROJETO\CPP\ALLEGRO\The3rdTrial\Debug\The3rdTrial.pdb" /SUBSYSTEM:CONSOLE /TLBID:1 /DYNAMICBASE /NXCOMPAT /IMPLIB:"D:\PROJETO\CPP\ALLEGRO\The3rdTrial\Debug\The3rdTrial.lib" /MACHINE:X86 Debug\BoundingBox.obj
         Debug\Camera.obj
         Debug\Character.obj
         Debug\Game.obj
         Debug\GameObject.obj
         Debug\GameState.obj
         Debug\Main.obj
         Debug\PhysicsComponent.obj
         Debug\Player.obj
         Debug\World.obj
         The3rdTrial.vcxproj -> D:\PROJETO\CPP\ALLEGRO\The3rdTrial\Debug\The3rdTrial.exe
     1>Done Building Project "D:\PROJETO\CPP\ALLEGRO\The3rdTrial\The3rdTrial\The3rdTrial.vcxproj" (Build target(s)).

Build succeeded.

Time Elapsed 00:00:01.94
