system   D            wsystem.c:583  maybe_parent_dir                 [   0.00047] Also searching D:\PROJETO\CPP\ALLEGRO\The3rdTrial\
system   D            wsystem.c:633  _al_win_safe_load_library        [   0.00078] PathFindOnPath found: C:\Windows\system32\d3d9.dll
system   D            wsystem.c:544  load_library_at_path             [   0.00081] Calling LoadLibrary C:\Windows\system32\d3d9.dll
system   I            wsystem.c:547  load_library_at_path             [   0.00476] Loaded C:\Windows\system32\d3d9.dll
d3d      I         d3d_disp.cpp:696  _al_d3d_init_display             [   0.02440] Render-to-texture: 1
system   I             system.c:252  al_install_system                [   0.02454] Allegro version: 5.0.10
d3d      I         d3d_disp.cpp:1737 d3d_create_display_locked        [   0.02997] faux_fullscreen=0
d3d      D         d3d_disp.cpp:1738 d3d_create_display_locked        [   0.03005] al_display=0047A418
d3d      D         d3d_disp.cpp:1739 d3d_create_display_locked        [   0.03007] al_display->vt=0047A350
d3d      I d3d_display_formats.cpp:144  _al_d3d_generate_display_format_list [   0.03367] found 96 format combinations
display  D   display_settings.c:191  debug_display_settings           [   0.03373] color: 32 (rgba 8880), depth: 0, stencil: 0, acc: 0000, samples: 0/0
display  D   display_settings.c:506  _al_score_display_settings       [   0.03375] Score is : 897
display  D   display_settings.c:191  debug_display_settings           [   0.03377] color: 32 (rgba 8880), depth: 0, stencil: 0, acc: 0000, samples: 0/0
display  D   display_settings.c:506  _al_score_display_settings       [   0.03379] Score is : 897
display  D   display_settings.c:191  debug_display_settings           [   0.03380] color: 32 (rgba 8880), depth: 0, stencil: 0, acc: 0000, samples: 2/1
display  D   display_settings.c:506  _al_score_display_settings       [   0.03382] Score is : 726
display  D   display_settings.c:191  debug_display_settings           [   0.03384] color: 32 (rgba 8880), depth: 24, stencil: 8, acc: 0000, samples: 0/0
display  D   display_settings.c:506  _al_score_display_settings       [   0.03386] Score is : 897
display  D   display_settings.c:191  debug_display_settings           [   0.03388] color: 32 (rgba 8880), depth: 24, stencil: 8, acc: 0000, samples: 0/0
display  D   display_settings.c:506  _al_score_display_settings       [   0.03390] Score is : 897
display  D   display_settings.c:191  debug_display_settings           [   0.03391] color: 32 (rgba 8880), depth: 24, stencil: 8, acc: 0000, samples: 2/1
display  D   display_settings.c:506  _al_score_display_settings       [   0.03393] Score is : 726
display  D   display_settings.c:191  debug_display_settings           [   0.03395] color: 32 (rgba 8880), depth: 24, stencil: 0, acc: 0000, samples: 0/0
display  D   display_settings.c:506  _al_score_display_settings       [   0.03397] Score is : 897
display  D   display_settings.c:191  debug_display_settings           [   0.03398] color: 32 (rgba 8880), depth: 24, stencil: 0, acc: 0000, samples: 0/0
display  D   display_settings.c:506  _al_score_display_settings       [   0.03401] Score is : 897
display  D   display_settings.c:191  debug_display_settings           [   0.03402] color: 32 (rgba 8880), depth: 24, stencil: 0, acc: 0000, samples: 2/1
display  D   display_settings.c:506  _al_score_display_settings       [   0.03404] Score is : 726
display  D   display_settings.c:191  debug_display_settings           [   0.03406] color: 32 (rgba 8880), depth: 16, stencil: 0, acc: 0000, samples: 0/0
display  D   display_settings.c:506  _al_score_display_settings       [   0.03408] Score is : 897
display  D   display_settings.c:191  debug_display_settings           [   0.03409] color: 32 (rgba 8880), depth: 16, stencil: 0, acc: 0000, samples: 0/0
display  D   display_settings.c:506  _al_score_display_settings       [   0.03411] Score is : 897
display  D   display_settings.c:191  debug_display_settings           [   0.03412] color: 32 (rgba 8880), depth: 16, stencil: 0, acc: 0000, samples: 2/1
display  D   display_settings.c:506  _al_score_display_settings       [   0.03419] Score is : 726
display  D   display_settings.c:191  debug_display_settings           [   0.03421] color: 16 (rgba 5650), depth: 0, stencil: 0, acc: 0000, samples: 0/0
display  D   display_settings.c:506  _al_score_display_settings       [   0.03422] Score is : 897
display  D   display_settings.c:191  debug_display_settings           [   0.03423] color: 16 (rgba 5650), depth: 0, stencil: 0, acc: 0000, samples: 0/0
display  D   display_settings.c:506  _al_score_display_settings       [   0.03425] Score is : 897
display  D   display_settings.c:191  debug_display_settings           [   0.03426] color: 16 (rgba 5650), depth: 0, stencil: 0, acc: 0000, samples: 2/1
display  D   display_settings.c:506  _al_score_display_settings       [   0.03427] Score is : 726
display  D   display_settings.c:191  debug_display_settings           [   0.03428] color: 16 (rgba 5650), depth: 24, stencil: 8, acc: 0000, samples: 0/0
display  D   display_settings.c:506  _al_score_display_settings       [   0.03430] Score is : 897
display  D   display_settings.c:191  debug_display_settings           [   0.03431] color: 16 (rgba 5650), depth: 24, stencil: 8, acc: 0000, samples: 0/0
display  D   display_settings.c:506  _al_score_display_settings       [   0.03432] Score is : 897
display  D   display_settings.c:191  debug_display_settings           [   0.03434] color: 16 (rgba 5650), depth: 24, stencil: 8, acc: 0000, samples: 2/1
display  D   display_settings.c:506  _al_score_display_settings       [   0.03435] Score is : 726
display  D   display_settings.c:191  debug_display_settings           [   0.03436] color: 16 (rgba 5650), depth: 24, stencil: 0, acc: 0000, samples: 0/0
display  D   display_settings.c:506  _al_score_display_settings       [   0.03438] Score is : 897
display  D   display_settings.c:191  debug_display_settings           [   0.03439] color: 16 (rgba 5650), depth: 24, stencil: 0, acc: 0000, samples: 0/0
display  D   display_settings.c:506  _al_score_display_settings       [   0.03440] Score is : 897
display  D   display_settings.c:191  debug_display_settings           [   0.03441] color: 16 (rgba 5650), depth: 24, stencil: 0, acc: 0000, samples: 2/1
display  D   display_settings.c:506  _al_score_display_settings       [   0.03443] Score is : 726
display  D   display_settings.c:191  debug_display_settings           [   0.03444] color: 16 (rgba 5650), depth: 16, stencil: 0, acc: 0000, samples: 0/0
display  D   display_settings.c:506  _al_score_display_settings       [   0.03446] Score is : 897
display  D   display_settings.c:191  debug_display_settings           [   0.03447] color: 16 (rgba 5650), depth: 16, stencil: 0, acc: 0000, samples: 0/0
display  D   display_settings.c:506  _al_score_display_settings       [   0.03448] Score is : 897
display  D   display_settings.c:191  debug_display_settings           [   0.03449] color: 16 (rgba 5650), depth: 16, stencil: 0, acc: 0000, samples: 2/1
display  D   display_settings.c:506  _al_score_display_settings       [   0.03451] Score is : 726
display  D   display_settings.c:191  debug_display_settings           [   0.03452] color: 32 (rgba 8880), depth: 0, stencil: 0, acc: 0000, samples: 0/0
display  D   display_settings.c:377  _al_score_display_settings       [   0.03453] Single Buffer requirement not met.
display  D   display_settings.c:191  debug_display_settings           [   0.03454] color: 32 (rgba 8880), depth: 0, stencil: 0, acc: 0000, samples: 0/0
display  D   display_settings.c:377  _al_score_display_settings       [   0.03456] Single Buffer requirement not met.
display  D   display_settings.c:191  debug_display_settings           [   0.03457] color: 32 (rgba 8880), depth: 0, stencil: 0, acc: 0000, samples: 2/1
display  D   display_settings.c:377  _al_score_display_settings       [   0.03458] Single Buffer requirement not met.
display  D   display_settings.c:191  debug_display_settings           [   0.03459] color: 32 (rgba 8880), depth: 24, stencil: 8, acc: 0000, samples: 0/0
display  D   display_settings.c:377  _al_score_display_settings       [   0.03461] Single Buffer requirement not met.
display  D   display_settings.c:191  debug_display_settings           [   0.03462] color: 32 (rgba 8880), depth: 24, stencil: 8, acc: 0000, samples: 0/0
display  D   display_settings.c:377  _al_score_display_settings       [   0.03464] Single Buffer requirement not met.
display  D   display_settings.c:191  debug_display_settings           [   0.03465] color: 32 (rgba 8880), depth: 24, stencil: 8, acc: 0000, samples: 2/1
display  D   display_settings.c:377  _al_score_display_settings       [   0.03466] Single Buffer requirement not met.
display  D   display_settings.c:191  debug_display_settings           [   0.03468] color: 32 (rgba 8880), depth: 24, stencil: 0, acc: 0000, samples: 0/0
display  D   display_settings.c:377  _al_score_display_settings       [   0.03469] Single Buffer requirement not met.
display  D   display_settings.c:191  debug_display_settings           [   0.03470] color: 32 (rgba 8880), depth: 24, stencil: 0, acc: 0000, samples: 0/0
display  D   display_settings.c:377  _al_score_display_settings       [   0.03472] Single Buffer requirement not met.
display  D   display_settings.c:191  debug_display_settings           [   0.03473] color: 32 (rgba 8880), depth: 24, stencil: 0, acc: 0000, samples: 2/1
display  D   display_settings.c:377  _al_score_display_settings       [   0.03474] Single Buffer requirement not met.
display  D   display_settings.c:191  debug_display_settings           [   0.03475] color: 32 (rgba 8880), depth: 16, stencil: 0, acc: 0000, samples: 0/0
display  D   display_settings.c:377  _al_score_display_settings       [   0.03477] Single Buffer requirement not met.
display  D   display_settings.c:191  debug_display_settings           [   0.03478] color: 32 (rgba 8880), depth: 16, stencil: 0, acc: 0000, samples: 0/0
display  D   display_settings.c:377  _al_score_display_settings       [   0.03479] Single Buffer requirement not met.
display  D   display_settings.c:191  debug_display_settings           [   0.03481] color: 32 (rgba 8880), depth: 16, stencil: 0, acc: 0000, samples: 2/1
display  D   display_settings.c:377  _al_score_display_settings       [   0.03482] Single Buffer requirement not met.
display  D   display_settings.c:191  debug_display_settings           [   0.03483] color: 16 (rgba 5650), depth: 0, stencil: 0, acc: 0000, samples: 0/0
display  D   display_settings.c:377  _al_score_display_settings       [   0.03485] Single Buffer requirement not met.
display  D   display_settings.c:191  debug_display_settings           [   0.03486] color: 16 (rgba 5650), depth: 0, stencil: 0, acc: 0000, samples: 0/0
display  D   display_settings.c:377  _al_score_display_settings       [   0.03487] Single Buffer requirement not met.
display  D   display_settings.c:191  debug_display_settings           [   0.03488] color: 16 (rgba 5650), depth: 0, stencil: 0, acc: 0000, samples: 2/1
display  D   display_settings.c:377  _al_score_display_settings       [   0.03490] Single Buffer requirement not met.
display  D   display_settings.c:191  debug_display_settings           [   0.03491] color: 16 (rgba 5650), depth: 24, stencil: 8, acc: 0000, samples: 0/0
display  D   display_settings.c:377  _al_score_display_settings       [   0.03492] Single Buffer requirement not met.
display  D   display_settings.c:191  debug_display_settings           [   0.03494] color: 16 (rgba 5650), depth: 24, stencil: 8, acc: 0000, samples: 0/0
display  D   display_settings.c:377  _al_score_display_settings       [   0.03495] Single Buffer requirement not met.
display  D   display_settings.c:191  debug_display_settings           [   0.03496] color: 16 (rgba 5650), depth: 24, stencil: 8, acc: 0000, samples: 2/1
display  D   display_settings.c:377  _al_score_display_settings       [   0.03498] Single Buffer requirement not met.
display  D   display_settings.c:191  debug_display_settings           [   0.03499] color: 16 (rgba 5650), depth: 24, stencil: 0, acc: 0000, samples: 0/0
display  D   display_settings.c:377  _al_score_display_settings       [   0.03500] Single Buffer requirement not met.
display  D   display_settings.c:191  debug_display_settings           [   0.03502] color: 16 (rgba 5650), depth: 24, stencil: 0, acc: 0000, samples: 0/0
display  D   display_settings.c:377  _al_score_display_settings       [   0.03503] Single Buffer requirement not met.
display  D   display_settings.c:191  debug_display_settings           [   0.03504] color: 16 (rgba 5650), depth: 24, stencil: 0, acc: 0000, samples: 2/1
display  D   display_settings.c:377  _al_score_display_settings       [   0.03506] Single Buffer requirement not met.
display  D   display_settings.c:191  debug_display_settings           [   0.03507] color: 16 (rgba 5650), depth: 16, stencil: 0, acc: 0000, samples: 0/0
display  D   display_settings.c:377  _al_score_display_settings       [   0.03508] Single Buffer requirement not met.
display  D   display_settings.c:191  debug_display_settings           [   0.03509] color: 16 (rgba 5650), depth: 16, stencil: 0, acc: 0000, samples: 0/0
display  D   display_settings.c:377  _al_score_display_settings       [   0.03511] Single Buffer requirement not met.
display  D   display_settings.c:191  debug_display_settings           [   0.03512] color: 16 (rgba 5650), depth: 16, stencil: 0, acc: 0000, samples: 2/1
display  D   display_settings.c:377  _al_score_display_settings       [   0.03514] Single Buffer requirement not met.
display  D   display_settings.c:191  debug_display_settings           [   0.03515] color: 32 (rgba 8880), depth: 0, stencil: 0, acc: 0000, samples: 0/0
display  D   display_settings.c:506  _al_score_display_settings       [   0.03516] Score is : 769
display  D   display_settings.c:191  debug_display_settings           [   0.03518] color: 32 (rgba 8880), depth: 0, stencil: 0, acc: 0000, samples: 0/0
display  D   display_settings.c:506  _al_score_display_settings       [   0.03520] Score is : 769
display  D   display_settings.c:191  debug_display_settings           [   0.03521] color: 32 (rgba 8880), depth: 0, stencil: 0, acc: 0000, samples: 2/1
display  D   display_settings.c:506  _al_score_display_settings       [   0.03523] Score is : 598
display  D   display_settings.c:191  debug_display_settings           [   0.03525] color: 32 (rgba 8880), depth: 24, stencil: 8, acc: 0000, samples: 0/0
display  D   display_settings.c:506  _al_score_display_settings       [   0.03527] Score is : 769
display  D   display_settings.c:191  debug_display_settings           [   0.03528] color: 32 (rgba 8880), depth: 24, stencil: 8, acc: 0000, samples: 0/0
display  D   display_settings.c:506  _al_score_display_settings       [   0.03530] Score is : 769
display  D   display_settings.c:191  debug_display_settings           [   0.03532] color: 32 (rgba 8880), depth: 24, stencil: 8, acc: 0000, samples: 2/1
display  D   display_settings.c:506  _al_score_display_settings       [   0.03534] Score is : 598
display  D   display_settings.c:191  debug_display_settings           [   0.03535] color: 32 (rgba 8880), depth: 24, stencil: 0, acc: 0000, samples: 0/0
display  D   display_settings.c:506  _al_score_display_settings       [   0.03537] Score is : 769
display  D   display_settings.c:191  debug_display_settings           [   0.03539] color: 32 (rgba 8880), depth: 24, stencil: 0, acc: 0000, samples: 0/0
display  D   display_settings.c:506  _al_score_display_settings       [   0.03541] Score is : 769
display  D   display_settings.c:191  debug_display_settings           [   0.03544] color: 32 (rgba 8880), depth: 24, stencil: 0, acc: 0000, samples: 2/1
display  D   display_settings.c:506  _al_score_display_settings       [   0.03547] Score is : 598
display  D   display_settings.c:191  debug_display_settings           [   0.03548] color: 32 (rgba 8880), depth: 16, stencil: 0, acc: 0000, samples: 0/0
display  D   display_settings.c:506  _al_score_display_settings       [   0.03551] Score is : 769
display  D   display_settings.c:191  debug_display_settings           [   0.03552] color: 32 (rgba 8880), depth: 16, stencil: 0, acc: 0000, samples: 0/0
display  D   display_settings.c:506  _al_score_display_settings       [   0.03559] Score is : 769
display  D   display_settings.c:191  debug_display_settings           [   0.03561] color: 32 (rgba 8880), depth: 16, stencil: 0, acc: 0000, samples: 2/1
display  D   display_settings.c:506  _al_score_display_settings       [   0.03563] Score is : 598
display  D   display_settings.c:191  debug_display_settings           [   0.03564] color: 16 (rgba 5650), depth: 0, stencil: 0, acc: 0000, samples: 0/0
display  D   display_settings.c:506  _al_score_display_settings       [   0.03567] Score is : 769
display  D   display_settings.c:191  debug_display_settings           [   0.03568] color: 16 (rgba 5650), depth: 0, stencil: 0, acc: 0000, samples: 0/0
display  D   display_settings.c:506  _al_score_display_settings       [   0.03570] Score is : 769
display  D   display_settings.c:191  debug_display_settings           [   0.03572] color: 16 (rgba 5650), depth: 0, stencil: 0, acc: 0000, samples: 2/1
display  D   display_settings.c:506  _al_score_display_settings       [   0.03573] Score is : 598
display  D   display_settings.c:191  debug_display_settings           [   0.03575] color: 16 (rgba 5650), depth: 24, stencil: 8, acc: 0000, samples: 0/0
display  D   display_settings.c:506  _al_score_display_settings       [   0.03577] Score is : 769
display  D   display_settings.c:191  debug_display_settings           [   0.03579] color: 16 (rgba 5650), depth: 24, stencil: 8, acc: 0000, samples: 0/0
display  D   display_settings.c:506  _al_score_display_settings       [   0.03581] Score is : 769
display  D   display_settings.c:191  debug_display_settings           [   0.03583] color: 16 (rgba 5650), depth: 24, stencil: 8, acc: 0000, samples: 2/1
display  D   display_settings.c:506  _al_score_display_settings       [   0.03585] Score is : 598
display  D   display_settings.c:191  debug_display_settings           [   0.03586] color: 16 (rgba 5650), depth: 24, stencil: 0, acc: 0000, samples: 0/0
display  D   display_settings.c:506  _al_score_display_settings       [   0.03588] Score is : 769
display  D   display_settings.c:191  debug_display_settings           [   0.03590] color: 16 (rgba 5650), depth: 24, stencil: 0, acc: 0000, samples: 0/0
display  D   display_settings.c:506  _al_score_display_settings       [   0.03592] Score is : 769
display  D   display_settings.c:191  debug_display_settings           [   0.03594] color: 16 (rgba 5650), depth: 24, stencil: 0, acc: 0000, samples: 2/1
display  D   display_settings.c:506  _al_score_display_settings       [   0.03596] Score is : 598
display  D   display_settings.c:191  debug_display_settings           [   0.03598] color: 16 (rgba 5650), depth: 16, stencil: 0, acc: 0000, samples: 0/0
display  D   display_settings.c:506  _al_score_display_settings       [   0.03600] Score is : 769
display  D   display_settings.c:191  debug_display_settings           [   0.03602] color: 16 (rgba 5650), depth: 16, stencil: 0, acc: 0000, samples: 0/0
display  D   display_settings.c:506  _al_score_display_settings       [   0.03604] Score is : 769
display  D   display_settings.c:191  debug_display_settings           [   0.03606] color: 16 (rgba 5650), depth: 16, stencil: 0, acc: 0000, samples: 2/1
display  D   display_settings.c:506  _al_score_display_settings       [   0.03608] Score is : 598
display  D   display_settings.c:191  debug_display_settings           [   0.03609] color: 32 (rgba 8880), depth: 0, stencil: 0, acc: 0000, samples: 0/0
display  D   display_settings.c:377  _al_score_display_settings       [   0.03611] Single Buffer requirement not met.
display  D   display_settings.c:191  debug_display_settings           [   0.03613] color: 32 (rgba 8880), depth: 0, stencil: 0, acc: 0000, samples: 0/0
display  D   display_settings.c:377  _al_score_display_settings       [   0.03617] Single Buffer requirement not met.
display  D   display_settings.c:191  debug_display_settings           [   0.03619] color: 32 (rgba 8880), depth: 0, stencil: 0, acc: 0000, samples: 2/1
display  D   display_settings.c:377  _al_score_display_settings       [   0.03622] Single Buffer requirement not met.
display  D   display_settings.c:191  debug_display_settings           [   0.03624] color: 32 (rgba 8880), depth: 24, stencil: 8, acc: 0000, samples: 0/0
display  D   display_settings.c:377  _al_score_display_settings       [   0.03626] Single Buffer requirement not met.
display  D   display_settings.c:191  debug_display_settings           [   0.03628] color: 32 (rgba 8880), depth: 24, stencil: 8, acc: 0000, samples: 0/0
display  D   display_settings.c:377  _al_score_display_settings       [   0.03630] Single Buffer requirement not met.
display  D   display_settings.c:191  debug_display_settings           [   0.03632] color: 32 (rgba 8880), depth: 24, stencil: 8, acc: 0000, samples: 2/1
display  D   display_settings.c:377  _al_score_display_settings       [   0.03634] Single Buffer requirement not met.
display  D   display_settings.c:191  debug_display_settings           [   0.03636] color: 32 (rgba 8880), depth: 24, stencil: 0, acc: 0000, samples: 0/0
display  D   display_settings.c:377  _al_score_display_settings       [   0.03638] Single Buffer requirement not met.
display  D   display_settings.c:191  debug_display_settings           [   0.03640] color: 32 (rgba 8880), depth: 24, stencil: 0, acc: 0000, samples: 0/0
display  D   display_settings.c:377  _al_score_display_settings       [   0.03642] Single Buffer requirement not met.
display  D   display_settings.c:191  debug_display_settings           [   0.03644] color: 32 (rgba 8880), depth: 24, stencil: 0, acc: 0000, samples: 2/1
display  D   display_settings.c:377  _al_score_display_settings       [   0.03646] Single Buffer requirement not met.
display  D   display_settings.c:191  debug_display_settings           [   0.03648] color: 32 (rgba 8880), depth: 16, stencil: 0, acc: 0000, samples: 0/0
display  D   display_settings.c:377  _al_score_display_settings       [   0.03650] Single Buffer requirement not met.
display  D   display_settings.c:191  debug_display_settings           [   0.03652] color: 32 (rgba 8880), depth: 16, stencil: 0, acc: 0000, samples: 0/0
display  D   display_settings.c:377  _al_score_display_settings       [   0.03654] Single Buffer requirement not met.
display  D   display_settings.c:191  debug_display_settings           [   0.03655] color: 32 (rgba 8880), depth: 16, stencil: 0, acc: 0000, samples: 2/1
display  D   display_settings.c:377  _al_score_display_settings       [   0.03657] Single Buffer requirement not met.
display  D   display_settings.c:191  debug_display_settings           [   0.03659] color: 16 (rgba 5650), depth: 0, stencil: 0, acc: 0000, samples: 0/0
display  D   display_settings.c:377  _al_score_display_settings       [   0.03661] Single Buffer requirement not met.
display  D   display_settings.c:191  debug_display_settings           [   0.03662] color: 16 (rgba 5650), depth: 0, stencil: 0, acc: 0000, samples: 0/0
display  D   display_settings.c:377  _al_score_display_settings       [   0.03664] Single Buffer requirement not met.
display  D   display_settings.c:191  debug_display_settings           [   0.03666] color: 16 (rgba 5650), depth: 0, stencil: 0, acc: 0000, samples: 2/1
display  D   display_settings.c:377  _al_score_display_settings       [   0.03668] Single Buffer requirement not met.
display  D   display_settings.c:191  debug_display_settings           [   0.03670] color: 16 (rgba 5650), depth: 24, stencil: 8, acc: 0000, samples: 0/0
display  D   display_settings.c:377  _al_score_display_settings       [   0.03672] Single Buffer requirement not met.
display  D   display_settings.c:191  debug_display_settings           [   0.03674] color: 16 (rgba 5650), depth: 24, stencil: 8, acc: 0000, samples: 0/0
display  D   display_settings.c:377  _al_score_display_settings       [   0.03676] Single Buffer requirement not met.
display  D   display_settings.c:191  debug_display_settings           [   0.03677] color: 16 (rgba 5650), depth: 24, stencil: 8, acc: 0000, samples: 2/1
display  D   display_settings.c:377  _al_score_display_settings       [   0.03679] Single Buffer requirement not met.
display  D   display_settings.c:191  debug_display_settings           [   0.03681] color: 16 (rgba 5650), depth: 24, stencil: 0, acc: 0000, samples: 0/0
display  D   display_settings.c:377  _al_score_display_settings       [   0.03683] Single Buffer requirement not met.
display  D   display_settings.c:191  debug_display_settings           [   0.03685] color: 16 (rgba 5650), depth: 24, stencil: 0, acc: 0000, samples: 0/0
display  D   display_settings.c:377  _al_score_display_settings       [   0.03687] Single Buffer requirement not met.
display  D   display_settings.c:191  debug_display_settings           [   0.03688] color: 16 (rgba 5650), depth: 24, stencil: 0, acc: 0000, samples: 2/1
display  D   display_settings.c:377  _al_score_display_settings       [   0.03690] Single Buffer requirement not met.
display  D   display_settings.c:191  debug_display_settings           [   0.03692] color: 16 (rgba 5650), depth: 16, stencil: 0, acc: 0000, samples: 0/0
display  D   display_settings.c:377  _al_score_display_settings       [   0.03694] Single Buffer requirement not met.
display  D   display_settings.c:191  debug_display_settings           [   0.03696] color: 16 (rgba 5650), depth: 16, stencil: 0, acc: 0000, samples: 0/0
display  D   display_settings.c:377  _al_score_display_settings       [   0.03698] Single Buffer requirement not met.
display  D   display_settings.c:191  debug_display_settings           [   0.03700] color: 16 (rgba 5650), depth: 16, stencil: 0, acc: 0000, samples: 2/1
display  D   display_settings.c:377  _al_score_display_settings       [   0.03701] Single Buffer requirement not met.
d3d      D         d3d_disp.cpp:1645 d3d_create_display_internals     [   0.03705] Trying format 0.
d3d      I         d3d_disp.cpp:1326 d3d_display_thread_proc          [   0.03790] Chose a display format: 23
d3d      I         d3d_disp.cpp:1395 d3d_display_thread_proc          [   0.03795] Normal window.
d3d      I         d3d_disp.cpp:801  d3d_create_device                [   0.05302] Using no depth stencil buffer
d3d      D         d3d_disp.cpp:866  d3d_create_device                [   0.08692] BeginScene succeeded in create_device
d3d      D         d3d_disp.cpp:874  d3d_create_device                [   0.08698] Success
d3d      D         d3d_disp.cpp:1668 d3d_create_display_internals     [   0.08700] Resumed after wait.
d3d      I         d3d_disp.cpp:1701 d3d_create_display_internals     [   0.08705] Format 0 succeeded.
d3d      D         d3d_disp.cpp:1724 d3d_create_display_internals     [   0.08709] Returning d3d_display: 0047A418
d3d      D         d3d_disp.cpp:1749 d3d_create_display_locked        [   0.08711] al_display=0047A418
d3d      D         d3d_disp.cpp:1750 d3d_create_display_locked        [   0.08712] al_display->vt=0047A350
font     D                ttf.c:792  al_load_ttf_font_stretch_f       [   0.08909] Font font\arial.ttf loaded with pixel size 0 x 18.
font     D                ttf.c:794  al_load_ttf_font_stretch_f       [   0.08912]     ascent=16.0, descent=-4.0, height=21.0
dtor     D               dtor.c:184  _al_register_destructor          [   0.08916] added dtor for object 004B5DC0, func 0FA31B3B
font     D                ttf.c:792  al_load_ttf_font_stretch_f       [   0.09046] Font font\arial.ttf loaded with pixel size 0 x 11.
font     D                ttf.c:794  al_load_ttf_font_stretch_f       [   0.09049]     ascent=10.0, descent=-2.0, height=13.0
dtor     D               dtor.c:184  _al_register_destructor          [   0.09054] added dtor for object 004D8050, func 0FA31B3B
d3d      D         d3d_disp.cpp:1166 real_choose_bitmap_format        [   0.09429] Fake format
d3d      D         d3d_disp.cpp:1166 real_choose_bitmap_format        [   0.09433] Fake format
d3d      D         d3d_disp.cpp:1166 real_choose_bitmap_format        [   0.09435] Fake format
d3d      D         d3d_disp.cpp:1166 real_choose_bitmap_format        [   0.09437] Fake format
d3d      D         d3d_disp.cpp:1166 real_choose_bitmap_format        [   0.09444] Fake format
d3d      D         d3d_disp.cpp:1166 real_choose_bitmap_format        [   0.09446] Fake format
d3d      D         d3d_disp.cpp:1166 real_choose_bitmap_format        [   0.09448] Fake format
d3d      D         d3d_disp.cpp:1166 real_choose_bitmap_format        [   0.09449] Fake format
d3d      D         d3d_disp.cpp:1166 real_choose_bitmap_format        [   0.09451] Fake format
d3d      D         d3d_disp.cpp:1174 real_choose_bitmap_format        [   0.09453] Alpha doesn't match
d3d      D         d3d_disp.cpp:1181 real_choose_bitmap_format        [   0.09454] Adapter format is 23
d3d      D         d3d_disp.cpp:1184 real_choose_bitmap_format        [   0.09456] Found a format
d3d      I         d3d_disp.cpp:2283 _al_d3d_create_bitmap            [   0.09458] Chose bitmap format 9
dtor     D               dtor.c:184  _al_register_destructor          [   0.09512] added dtor for object 004DB008, func 0FA32595
d3d      D          d3d_bmp.cpp:467  _al_d3d_sync_bitmap              [   0.10521] _al_d3d_sync_bitmap (system) ref count == 1
d3d      D          d3d_bmp.cpp:473  _al_d3d_sync_bitmap              [   0.10526] _al_d3d_sync_bitmap (video) ref count == 1
d3d      D         d3d_disp.cpp:1166 real_choose_bitmap_format        [   0.12191] Fake format
d3d      D         d3d_disp.cpp:1166 real_choose_bitmap_format        [   0.12194] Fake format
d3d      D         d3d_disp.cpp:1166 real_choose_bitmap_format        [   0.12196] Fake format
d3d      D         d3d_disp.cpp:1166 real_choose_bitmap_format        [   0.12197] Fake format
d3d      D         d3d_disp.cpp:1166 real_choose_bitmap_format        [   0.12199] Fake format
d3d      D         d3d_disp.cpp:1166 real_choose_bitmap_format        [   0.12200] Fake format
d3d      D         d3d_disp.cpp:1166 real_choose_bitmap_format        [   0.12202] Fake format
d3d      D         d3d_disp.cpp:1166 real_choose_bitmap_format        [   0.12203] Fake format
d3d      D         d3d_disp.cpp:1166 real_choose_bitmap_format        [   0.12205] Fake format
d3d      D         d3d_disp.cpp:1174 real_choose_bitmap_format        [   0.12206] Alpha doesn't match
d3d      D         d3d_disp.cpp:1181 real_choose_bitmap_format        [   0.12208] Adapter format is 23
d3d      D         d3d_disp.cpp:1184 real_choose_bitmap_format        [   0.12209] Found a format
d3d      I         d3d_disp.cpp:2283 _al_d3d_create_bitmap            [   0.12211] Chose bitmap format 9
dtor     D               dtor.c:184  _al_register_destructor          [   0.12294] added dtor for object 004D9510, func 0FA32595
d3d      D          d3d_bmp.cpp:467  _al_d3d_sync_bitmap              [   0.12595] _al_d3d_sync_bitmap (system) ref count == 1
d3d      D          d3d_bmp.cpp:473  _al_d3d_sync_bitmap              [   0.12599] _al_d3d_sync_bitmap (video) ref count == 1
dtor     D               dtor.c:184  _al_register_destructor          [   0.14159] added dtor for object 004D91B8, func 0FA327A7
dtor     D               dtor.c:184  _al_register_destructor          [   0.14247] added dtor for object 004D9260, func 0FA324D2
d3d      D         d3d_disp.cpp:1166 real_choose_bitmap_format        [   0.18774] Fake format
d3d      D         d3d_disp.cpp:1166 real_choose_bitmap_format        [   0.18778] Fake format
d3d      D         d3d_disp.cpp:1166 real_choose_bitmap_format        [   0.18779] Fake format
d3d      D         d3d_disp.cpp:1166 real_choose_bitmap_format        [   0.18780] Fake format
d3d      D         d3d_disp.cpp:1166 real_choose_bitmap_format        [   0.18781] Fake format
d3d      D         d3d_disp.cpp:1166 real_choose_bitmap_format        [   0.18782] Fake format
d3d      D         d3d_disp.cpp:1166 real_choose_bitmap_format        [   0.18783] Fake format
d3d      D         d3d_disp.cpp:1166 real_choose_bitmap_format        [   0.18784] Fake format
d3d      D         d3d_disp.cpp:1166 real_choose_bitmap_format        [   0.18785] Fake format
d3d      D         d3d_disp.cpp:1174 real_choose_bitmap_format        [   0.18792] Alpha doesn't match
d3d      D         d3d_disp.cpp:1181 real_choose_bitmap_format        [   0.18794] Adapter format is 23
d3d      D         d3d_disp.cpp:1184 real_choose_bitmap_format        [   0.18795] Found a format
d3d      I         d3d_disp.cpp:2283 _al_d3d_create_bitmap            [   0.18796] Chose bitmap format 9
font     D                ttf.c:217  alloc_glyph_region               [   0.18888] Glyph 41: 11x15 (12x16)
d3d      D          d3d_bmp.cpp:467  _al_d3d_sync_bitmap              [   0.20231] _al_d3d_sync_bitmap (system) ref count == 1
d3d      D          d3d_bmp.cpp:473  _al_d3d_sync_bitmap              [   0.20235] _al_d3d_sync_bitmap (video) ref count == 2
font     D                ttf.c:217  alloc_glyph_region               [   0.20656] Glyph 51: 12x15 (12x16)
d3d      D          d3d_bmp.cpp:467  _al_d3d_sync_bitmap              [   0.20704] _al_d3d_sync_bitmap (system) ref count == 1
d3d      D          d3d_bmp.cpp:473  _al_d3d_sync_bitmap              [   0.20707] _al_d3d_sync_bitmap (video) ref count == 2
font     D                ttf.c:217  alloc_glyph_region               [   0.20797] Glyph 54: 12x15 (12x16)
d3d      D          d3d_bmp.cpp:467  _al_d3d_sync_bitmap              [   0.20817] _al_d3d_sync_bitmap (system) ref count == 1
d3d      D          d3d_bmp.cpp:473  _al_d3d_sync_bitmap              [   0.20819] _al_d3d_sync_bitmap (video) ref count == 2
font     D                ttf.c:217  alloc_glyph_region               [   0.20889] Glyph 29: 4x12 (4x12)
d3d      D          d3d_bmp.cpp:467  _al_d3d_sync_bitmap              [   0.20907] _al_d3d_sync_bitmap (system) ref count == 1
d3d      D          d3d_bmp.cpp:473  _al_d3d_sync_bitmap              [   0.20909] _al_d3d_sync_bitmap (video) ref count == 2
font     D                ttf.c:406  cache_glyph                      [   0.20987] Glyph 3 has zero size.
font     D                ttf.c:217  alloc_glyph_region               [   0.20996] Glyph 55: 12x15 (12x16)
d3d      D          d3d_bmp.cpp:467  _al_d3d_sync_bitmap              [   0.21015] _al_d3d_sync_bitmap (system) ref count == 1
d3d      D          d3d_bmp.cpp:473  _al_d3d_sync_bitmap              [   0.21017] _al_d3d_sync_bitmap (video) ref count == 2
font     D                ttf.c:217  alloc_glyph_region               [   0.21095] Glyph 36: 15x15 (16x16)
d3d      D          d3d_bmp.cpp:467  _al_d3d_sync_bitmap              [   0.21114] _al_d3d_sync_bitmap (system) ref count == 1
d3d      D          d3d_bmp.cpp:473  _al_d3d_sync_bitmap              [   0.21116] _al_d3d_sync_bitmap (video) ref count == 2
font     D                ttf.c:217  alloc_glyph_region               [   0.21186] Glyph 40: 12x15 (12x16)
d3d      D          d3d_bmp.cpp:467  _al_d3d_sync_bitmap              [   0.21201] _al_d3d_sync_bitmap (system) ref count == 1
d3d      D          d3d_bmp.cpp:473  _al_d3d_sync_bitmap              [   0.21203] _al_d3d_sync_bitmap (video) ref count == 2
font     D                ttf.c:217  alloc_glyph_region               [   0.21286] Glyph 21: 11x15 (12x16)
d3d      D          d3d_bmp.cpp:467  _al_d3d_sync_bitmap              [   0.21301] _al_d3d_sync_bitmap (system) ref count == 1
d3d      D          d3d_bmp.cpp:473  _al_d3d_sync_bitmap              [   0.21303] _al_d3d_sync_bitmap (video) ref count == 2
d3d      D         d3d_disp.cpp:1166 real_choose_bitmap_format        [   0.21427] Fake format
d3d      D         d3d_disp.cpp:1166 real_choose_bitmap_format        [   0.21430] Fake format
d3d      D         d3d_disp.cpp:1166 real_choose_bitmap_format        [   0.21431] Fake format
d3d      D         d3d_disp.cpp:1166 real_choose_bitmap_format        [   0.21433] Fake format
d3d      D         d3d_disp.cpp:1166 real_choose_bitmap_format        [   0.21434] Fake format
d3d      D         d3d_disp.cpp:1166 real_choose_bitmap_format        [   0.21436] Fake format
d3d      D         d3d_disp.cpp:1166 real_choose_bitmap_format        [   0.21438] Fake format
d3d      D         d3d_disp.cpp:1166 real_choose_bitmap_format        [   0.21440] Fake format
d3d      D         d3d_disp.cpp:1166 real_choose_bitmap_format        [   0.21442] Fake format
d3d      D         d3d_disp.cpp:1174 real_choose_bitmap_format        [   0.21446] Alpha doesn't match
d3d      D         d3d_disp.cpp:1181 real_choose_bitmap_format        [   0.21447] Adapter format is 23
d3d      D         d3d_disp.cpp:1184 real_choose_bitmap_format        [   0.21448] Found a format
d3d      I         d3d_disp.cpp:2283 _al_d3d_create_bitmap            [   0.21449] Chose bitmap format 9
font     D                ttf.c:217  alloc_glyph_region               [   0.21496] Glyph 51: 7x10 (8x12)
d3d      D          d3d_bmp.cpp:467  _al_d3d_sync_bitmap              [   0.21549] _al_d3d_sync_bitmap (system) ref count == 1
d3d      D          d3d_bmp.cpp:473  _al_d3d_sync_bitmap              [   0.21552] _al_d3d_sync_bitmap (video) ref count == 2
font     D                ttf.c:217  alloc_glyph_region               [   0.21702] Glyph 79: 3x10 (4x12)
d3d      D          d3d_bmp.cpp:467  _al_d3d_sync_bitmap              [   0.21728] _al_d3d_sync_bitmap (system) ref count == 1
d3d      D          d3d_bmp.cpp:473  _al_d3d_sync_bitmap              [   0.21730] _al_d3d_sync_bitmap (video) ref count == 2
font     D                ttf.c:217  alloc_glyph_region               [   0.22307] Glyph 68: 7x8 (8x8)
d3d      D          d3d_bmp.cpp:467  _al_d3d_sync_bitmap              [   0.22338] _al_d3d_sync_bitmap (system) ref count == 1
d3d      D          d3d_bmp.cpp:473  _al_d3d_sync_bitmap              [   0.22340] _al_d3d_sync_bitmap (video) ref count == 2
font     D                ttf.c:217  alloc_glyph_region               [   0.22412] Glyph 92: 8x10 (8x12)
d3d      D          d3d_bmp.cpp:467  _al_d3d_sync_bitmap              [   0.22431] _al_d3d_sync_bitmap (system) ref count == 1
d3d      D          d3d_bmp.cpp:473  _al_d3d_sync_bitmap              [   0.22433] _al_d3d_sync_bitmap (video) ref count == 2
font     D                ttf.c:217  alloc_glyph_region               [   0.22518] Glyph 72: 7x8 (8x8)
d3d      D          d3d_bmp.cpp:467  _al_d3d_sync_bitmap              [   0.22540] _al_d3d_sync_bitmap (system) ref count == 1
d3d      D          d3d_bmp.cpp:473  _al_d3d_sync_bitmap              [   0.22541] _al_d3d_sync_bitmap (video) ref count == 2
font     D                ttf.c:217  alloc_glyph_region               [   0.22627] Glyph 85: 5x8 (8x8)
d3d      D          d3d_bmp.cpp:467  _al_d3d_sync_bitmap              [   0.22667] _al_d3d_sync_bitmap (system) ref count == 1
d3d      D          d3d_bmp.cpp:473  _al_d3d_sync_bitmap              [   0.22670] _al_d3d_sync_bitmap (video) ref count == 2
font     D                ttf.c:406  cache_glyph                      [   0.22734] Glyph 3 has zero size.
font     D                ttf.c:217  alloc_glyph_region               [   0.22747] Glyph 91: 7x8 (8x8)
d3d      D          d3d_bmp.cpp:467  _al_d3d_sync_bitmap              [   0.22769] _al_d3d_sync_bitmap (system) ref count == 1
d3d      D          d3d_bmp.cpp:473  _al_d3d_sync_bitmap              [   0.22770] _al_d3d_sync_bitmap (video) ref count == 2
font     D                ttf.c:217  alloc_glyph_region               [   0.22842] Glyph 89: 8x8 (8x8)
d3d      D          d3d_bmp.cpp:467  _al_d3d_sync_bitmap              [   0.22864] _al_d3d_sync_bitmap (system) ref count == 1
d3d      D          d3d_bmp.cpp:473  _al_d3d_sync_bitmap              [   0.22865] _al_d3d_sync_bitmap (video) ref count == 2
font     D                ttf.c:217  alloc_glyph_region               [   0.22932] Glyph 29: 3x8 (4x8)
d3d      D          d3d_bmp.cpp:467  _al_d3d_sync_bitmap              [   0.22956] _al_d3d_sync_bitmap (system) ref count == 1
d3d      D          d3d_bmp.cpp:473  _al_d3d_sync_bitmap              [   0.22958] _al_d3d_sync_bitmap (video) ref count == 2
font     D                ttf.c:217  alloc_glyph_region               [   0.23045] Glyph 23: 7x10 (8x12)
d3d      D          d3d_bmp.cpp:467  _al_d3d_sync_bitmap              [   0.23064] _al_d3d_sync_bitmap (system) ref count == 1
d3d      D          d3d_bmp.cpp:473  _al_d3d_sync_bitmap              [   0.23067] _al_d3d_sync_bitmap (video) ref count == 2
font     D                ttf.c:217  alloc_glyph_region               [   0.23149] Glyph 17: 3x3 (4x4)
d3d      D          d3d_bmp.cpp:467  _al_d3d_sync_bitmap              [   0.23172] _al_d3d_sync_bitmap (system) ref count == 1
d3d      D          d3d_bmp.cpp:473  _al_d3d_sync_bitmap              [   0.23174] _al_d3d_sync_bitmap (video) ref count == 2
font     D                ttf.c:217  alloc_glyph_region               [   0.23261] Glyph 19: 7x10 (8x12)
d3d      D          d3d_bmp.cpp:467  _al_d3d_sync_bitmap              [   0.23282] _al_d3d_sync_bitmap (system) ref count == 1
d3d      D          d3d_bmp.cpp:473  _al_d3d_sync_bitmap              [   0.23286] _al_d3d_sync_bitmap (video) ref count == 2
font     D                ttf.c:217  alloc_glyph_region               [   0.23738] Glyph 71: 7x10 (8x12)
d3d      D          d3d_bmp.cpp:467  _al_d3d_sync_bitmap              [   0.23771] _al_d3d_sync_bitmap (system) ref count == 1
d3d      D          d3d_bmp.cpp:473  _al_d3d_sync_bitmap              [   0.23773] _al_d3d_sync_bitmap (video) ref count == 2
font     D                ttf.c:217  alloc_glyph_region               [   0.23846] Glyph 76: 3x10 (4x12)
d3d      D          d3d_bmp.cpp:467  _al_d3d_sync_bitmap              [   0.23863] _al_d3d_sync_bitmap (system) ref count == 1
d3d      D          d3d_bmp.cpp:473  _al_d3d_sync_bitmap              [   0.23864] _al_d3d_sync_bitmap (video) ref count == 2
font     D                ttf.c:217  alloc_glyph_region               [   0.23953] Glyph 59: 8x10 (8x12)
d3d      D          d3d_bmp.cpp:467  _al_d3d_sync_bitmap              [   0.23970] _al_d3d_sync_bitmap (system) ref count == 1
d3d      D          d3d_bmp.cpp:473  _al_d3d_sync_bitmap              [   0.23971] _al_d3d_sync_bitmap (video) ref count == 2
font     D                ttf.c:217  alloc_glyph_region               [   0.24045] Glyph 83: 7x10 (8x12)
d3d      D          d3d_bmp.cpp:467  _al_d3d_sync_bitmap              [   0.24066] _al_d3d_sync_bitmap (system) ref count == 1
d3d      D          d3d_bmp.cpp:473  _al_d3d_sync_bitmap              [   0.24068] _al_d3d_sync_bitmap (video) ref count == 2
font     D                ttf.c:217  alloc_glyph_region               [   0.24141] Glyph 82: 7x8 (8x8)
d3d      D          d3d_bmp.cpp:467  _al_d3d_sync_bitmap              [   0.24165] _al_d3d_sync_bitmap (system) ref count == 1
d3d      D          d3d_bmp.cpp:473  _al_d3d_sync_bitmap              [   0.24167] _al_d3d_sync_bitmap (video) ref count == 2
font     D                ttf.c:217  alloc_glyph_region               [   0.24245] Glyph 86: 7x8 (8x8)
d3d      D          d3d_bmp.cpp:467  _al_d3d_sync_bitmap              [   0.24260] _al_d3d_sync_bitmap (system) ref count == 1
d3d      D          d3d_bmp.cpp:473  _al_d3d_sync_bitmap              [   0.24262] _al_d3d_sync_bitmap (video) ref count == 2
font     D                ttf.c:217  alloc_glyph_region               [   0.24336] Glyph 60: 10x10 (12x12)
d3d      D          d3d_bmp.cpp:467  _al_d3d_sync_bitmap              [   0.24358] _al_d3d_sync_bitmap (system) ref count == 1
d3d      D          d3d_bmp.cpp:473  _al_d3d_sync_bitmap              [   0.24360] _al_d3d_sync_bitmap (video) ref count == 2
font     D                ttf.c:217  alloc_glyph_region               [   0.24434] Glyph 69: 7x10 (8x12)
d3d      D          d3d_bmp.cpp:467  _al_d3d_sync_bitmap              [   0.24453] _al_d3d_sync_bitmap (system) ref count == 1
d3d      D          d3d_bmp.cpp:473  _al_d3d_sync_bitmap              [   0.24455] _al_d3d_sync_bitmap (video) ref count == 2
font     D                ttf.c:217  alloc_glyph_region               [   0.24526] Glyph 22: 7x10 (8x12)
d3d      D          d3d_bmp.cpp:467  _al_d3d_sync_bitmap              [   0.24645] _al_d3d_sync_bitmap (system) ref count == 1
d3d      D          d3d_bmp.cpp:473  _al_d3d_sync_bitmap              [   0.24649] _al_d3d_sync_bitmap (video) ref count == 2
font     D                ttf.c:217  alloc_glyph_region               [   0.24746] Glyph 27: 7x10 (8x12)
d3d      D          d3d_bmp.cpp:467  _al_d3d_sync_bitmap              [   0.24767] _al_d3d_sync_bitmap (system) ref count == 1
d3d      D          d3d_bmp.cpp:473  _al_d3d_sync_bitmap              [   0.24769] _al_d3d_sync_bitmap (video) ref count == 2
font     D                ttf.c:217  alloc_glyph_region               [   0.24849] Glyph 25: 7x10 (8x12)
d3d      D          d3d_bmp.cpp:467  _al_d3d_sync_bitmap              [   0.24878] _al_d3d_sync_bitmap (system) ref count == 1
d3d      D          d3d_bmp.cpp:473  _al_d3d_sync_bitmap              [   0.24881] _al_d3d_sync_bitmap (video) ref count == 2
font     D                ttf.c:217  alloc_glyph_region               [   0.25254] Glyph 70: 7x8 (8x8)
d3d      D          d3d_bmp.cpp:467  _al_d3d_sync_bitmap              [   0.25282] _al_d3d_sync_bitmap (system) ref count == 1
d3d      D          d3d_bmp.cpp:473  _al_d3d_sync_bitmap              [   0.25284] _al_d3d_sync_bitmap (video) ref count == 2
font     D                ttf.c:217  alloc_glyph_region               [   0.25359] Glyph 80: 9x8 (12x8)
d3d      D          d3d_bmp.cpp:467  _al_d3d_sync_bitmap              [   0.25378] _al_d3d_sync_bitmap (system) ref count == 1
d3d      D          d3d_bmp.cpp:473  _al_d3d_sync_bitmap              [   0.25380] _al_d3d_sync_bitmap (video) ref count == 2
font     D                ttf.c:217  alloc_glyph_region               [   0.25466] Glyph 24: 7x10 (8x12)
d3d      D          d3d_bmp.cpp:467  _al_d3d_sync_bitmap              [   0.25486] _al_d3d_sync_bitmap (system) ref count == 1
d3d      D          d3d_bmp.cpp:473  _al_d3d_sync_bitmap              [   0.25487] _al_d3d_sync_bitmap (video) ref count == 2
font     D                ttf.c:217  alloc_glyph_region               [   0.25614] Glyph 58: 13x10 (16x12)
d3d      D          d3d_bmp.cpp:467  _al_d3d_sync_bitmap              [   0.25657] _al_d3d_sync_bitmap (system) ref count == 1
d3d      D          d3d_bmp.cpp:473  _al_d3d_sync_bitmap              [   0.25660] _al_d3d_sync_bitmap (video) ref count == 2
font     D                ttf.c:217  alloc_glyph_region               [   0.25734] Glyph 74: 8x10 (8x12)
d3d      D          d3d_bmp.cpp:467  _al_d3d_sync_bitmap              [   0.25760] _al_d3d_sync_bitmap (system) ref count == 1
d3d      D          d3d_bmp.cpp:473  _al_d3d_sync_bitmap              [   0.25762] _al_d3d_sync_bitmap (video) ref count == 2
font     D                ttf.c:217  alloc_glyph_region               [   0.25837] Glyph 28: 7x10 (8x12)
d3d      D          d3d_bmp.cpp:467  _al_d3d_sync_bitmap              [   0.25873] _al_d3d_sync_bitmap (system) ref count == 1
d3d      D          d3d_bmp.cpp:473  _al_d3d_sync_bitmap              [   0.25875] _al_d3d_sync_bitmap (video) ref count == 2
font     D                ttf.c:217  alloc_glyph_region               [   0.25961] Glyph 78: 6x10 (8x12)
d3d      D          d3d_bmp.cpp:467  _al_d3d_sync_bitmap              [   0.25980] _al_d3d_sync_bitmap (system) ref count == 1
d3d      D          d3d_bmp.cpp:473  _al_d3d_sync_bitmap              [   0.25982] _al_d3d_sync_bitmap (video) ref count == 2
font     D                ttf.c:217  alloc_glyph_region               [   0.26048] Glyph 87: 5x10 (8x12)
d3d      D          d3d_bmp.cpp:467  _al_d3d_sync_bitmap              [   0.26066] _al_d3d_sync_bitmap (system) ref count == 1
d3d      D          d3d_bmp.cpp:473  _al_d3d_sync_bitmap              [   0.26070] _al_d3d_sync_bitmap (video) ref count == 2
font     D                ttf.c:217  alloc_glyph_region               [   0.26165] Glyph 54: 8x10 (8x12)
d3d      D          d3d_bmp.cpp:467  _al_d3d_sync_bitmap              [   0.26186] _al_d3d_sync_bitmap (system) ref count == 1
d3d      D          d3d_bmp.cpp:473  _al_d3d_sync_bitmap              [   0.26189] _al_d3d_sync_bitmap (video) ref count == 2
font     D                ttf.c:217  alloc_glyph_region               [   0.26270] Glyph 81: 7x8 (8x8)
d3d      D          d3d_bmp.cpp:467  _al_d3d_sync_bitmap              [   0.26292] _al_d3d_sync_bitmap (system) ref count == 1
d3d      D          d3d_bmp.cpp:473  _al_d3d_sync_bitmap              [   0.26296] _al_d3d_sync_bitmap (video) ref count == 2
font     D                ttf.c:217  alloc_glyph_region               [   0.26373] Glyph 73: 6x10 (8x12)
d3d      D          d3d_bmp.cpp:467  _al_d3d_sync_bitmap              [   0.26391] _al_d3d_sync_bitmap (system) ref count == 1
d3d      D          d3d_bmp.cpp:473  _al_d3d_sync_bitmap              [   0.26394] _al_d3d_sync_bitmap (video) ref count == 2
font     D                ttf.c:217  alloc_glyph_region               [   0.26464] Glyph 38: 8x10 (8x12)
d3d      D          d3d_bmp.cpp:467  _al_d3d_sync_bitmap              [   0.26487] _al_d3d_sync_bitmap (system) ref count == 1
d3d      D          d3d_bmp.cpp:473  _al_d3d_sync_bitmap              [   0.26490] _al_d3d_sync_bitmap (video) ref count == 2
font     D                ttf.c:217  alloc_glyph_region               [   0.26570] Glyph 88: 7x8 (8x8)
d3d      D          d3d_bmp.cpp:467  _al_d3d_sync_bitmap              [   0.26592] _al_d3d_sync_bitmap (system) ref count == 1
d3d      D          d3d_bmp.cpp:473  _al_d3d_sync_bitmap              [   0.26594] _al_d3d_sync_bitmap (video) ref count == 2
font     D                ttf.c:217  alloc_glyph_region               [   0.26678] Glyph 20: 5x10 (8x12)
d3d      D          d3d_bmp.cpp:467  _al_d3d_sync_bitmap              [   0.26710] _al_d3d_sync_bitmap (system) ref count == 1
d3d      D          d3d_bmp.cpp:473  _al_d3d_sync_bitmap              [   0.26712] _al_d3d_sync_bitmap (video) ref count == 2
d3d      D          d3d_bmp.cpp:467  _al_d3d_sync_bitmap              [   0.27137] _al_d3d_sync_bitmap (system) ref count == 1
d3d      D          d3d_bmp.cpp:473  _al_d3d_sync_bitmap              [   0.27141] _al_d3d_sync_bitmap (video) ref count == 1
d3d      D          d3d_bmp.cpp:467  _al_d3d_sync_bitmap              [   0.27402] _al_d3d_sync_bitmap (system) ref count == 1
d3d      D          d3d_bmp.cpp:473  _al_d3d_sync_bitmap              [   0.27405] _al_d3d_sync_bitmap (video) ref count == 1
d3d      D          d3d_bmp.cpp:467  _al_d3d_sync_bitmap              [   0.27530] _al_d3d_sync_bitmap (system) ref count == 1
d3d      D          d3d_bmp.cpp:473  _al_d3d_sync_bitmap              [   0.27533] _al_d3d_sync_bitmap (video) ref count == 2
d3d      D          d3d_bmp.cpp:467  _al_d3d_sync_bitmap              [   0.27607] _al_d3d_sync_bitmap (system) ref count == 1
d3d      D          d3d_bmp.cpp:473  _al_d3d_sync_bitmap              [   0.27610] _al_d3d_sync_bitmap (video) ref count == 2
font     D                ttf.c:217  alloc_glyph_region               [   0.27781] Glyph 26: 7x10 (8x12)
d3d      D          d3d_bmp.cpp:467  _al_d3d_sync_bitmap              [   0.27815] _al_d3d_sync_bitmap (system) ref count == 1
d3d      D          d3d_bmp.cpp:473  _al_d3d_sync_bitmap              [   0.27818] _al_d3d_sync_bitmap (video) ref count == 2
font     D                ttf.c:217  alloc_glyph_region               [   0.27976] Glyph 21: 7x10 (8x12)
d3d      D          d3d_bmp.cpp:467  _al_d3d_sync_bitmap              [   0.27993] _al_d3d_sync_bitmap (system) ref count == 1
d3d      D          d3d_bmp.cpp:473  _al_d3d_sync_bitmap              [   0.27997] _al_d3d_sync_bitmap (video) ref count == 2
d3d      D          d3d_bmp.cpp:467  _al_d3d_sync_bitmap              [   0.28169] _al_d3d_sync_bitmap (system) ref count == 1
d3d      D          d3d_bmp.cpp:473  _al_d3d_sync_bitmap              [   0.28172] _al_d3d_sync_bitmap (video) ref count == 2
font     D                ttf.c:217  alloc_glyph_region               [   0.66183] Glyph 75: 7x10 (8x12)
d3d      D          d3d_bmp.cpp:467  _al_d3d_sync_bitmap              [   0.66207] _al_d3d_sync_bitmap (system) ref count == 1
d3d      D          d3d_bmp.cpp:473  _al_d3d_sync_bitmap              [   0.66209] _al_d3d_sync_bitmap (video) ref count == 2
d3d      D          d3d_bmp.cpp:467  _al_d3d_sync_bitmap              [   0.66424] _al_d3d_sync_bitmap (system) ref count == 1
d3d      D          d3d_bmp.cpp:473  _al_d3d_sync_bitmap              [   0.66428] _al_d3d_sync_bitmap (video) ref count == 2
font     D                ttf.c:217  alloc_glyph_region               [   0.67796] Glyph 16: 5x3 (8x4)
d3d      D          d3d_bmp.cpp:467  _al_d3d_sync_bitmap              [   0.67842] _al_d3d_sync_bitmap (system) ref count == 1
d3d      D          d3d_bmp.cpp:473  _al_d3d_sync_bitmap              [   0.67849] _al_d3d_sync_bitmap (video) ref count == 2
d3d      D          d3d_bmp.cpp:467  _al_d3d_sync_bitmap              [   0.68089] _al_d3d_sync_bitmap (system) ref count == 1
d3d      D          d3d_bmp.cpp:473  _al_d3d_sync_bitmap              [   0.68092] _al_d3d_sync_bitmap (video) ref count == 2
dtor     D               dtor.c:214  _al_unregister_destructor        [   3.85773] removed dtor for object 004B5DC0
d3d      W          d3d_bmp.cpp:743  d3d_destroy_bitmap               [   3.85804] d3d_destroy_bitmap: Release video texture failed.
dtor     D               dtor.c:214  _al_unregister_destructor        [   3.85844] removed dtor for object 004D8050
d3d      W          d3d_bmp.cpp:743  d3d_destroy_bitmap               [   3.85880] d3d_destroy_bitmap: Release video texture failed.
dtor     D               dtor.c:214  _al_unregister_destructor        [   3.85950] removed dtor for object 004D91B8
d3d      I         d3d_disp.cpp:921  d3d_destroy_display              [   3.86011] destroying display 0047A418 (current 00000000)
bitmap   D             bitmap.c:548  _al_convert_to_memory_bitmap     [   3.86036] converting display bitmap 004D9510 to memory bitmap
d3d      D          d3d_bmp.cpp:467  _al_d3d_sync_bitmap              [   3.86125] _al_d3d_sync_bitmap (system) ref count == 1
d3d      D          d3d_bmp.cpp:473  _al_d3d_sync_bitmap              [   3.86128] _al_d3d_sync_bitmap (video) ref count == 1
bitmap   D             bitmap.c:548  _al_convert_to_memory_bitmap     [   3.86259] converting display bitmap 004DB008 to memory bitmap
d3d      D          d3d_bmp.cpp:467  _al_d3d_sync_bitmap              [   3.86328] _al_d3d_sync_bitmap (system) ref count == 1
d3d      D          d3d_bmp.cpp:473  _al_d3d_sync_bitmap              [   3.86331] _al_d3d_sync_bitmap (video) ref count == 1
d3d      D         d3d_disp.cpp:905  d3d_destroy_display_internals    [   3.86641] waiting for display 0047A418's thread to end
d3d      W         d3d_disp.cpp:617  d3d_destroy_device               [   3.87520] d3d_destroy_device: ref count not 0
d3d      I         d3d_disp.cpp:1527 d3d_display_thread_proc          [   3.89728] d3d display thread exits
dtor     D               dtor.c:214  _al_unregister_destructor        [   3.91040] removed dtor for object 004D9260
dtor     D               dtor.c:114  _al_run_destructors              [   3.91045] calling dtor for object 004D9510, func 0FA32595
dtor     D               dtor.c:214  _al_unregister_destructor        [   3.91047] removed dtor for object 004D9510
dtor     D               dtor.c:114  _al_run_destructors              [   3.91063] calling dtor for object 004DB008, func 0FA32595
dtor     D               dtor.c:214  _al_unregister_destructor        [   3.91065] removed dtor for object 004DB008
